<?xml version="1.0" encoding="UTF-8"?>
<!-- Generated by org.testng.reporters.JUnitXMLReporter -->
<testsuite ignored="0" hostname="GK-PC" failures="1" tests="1" name="Faliuar Test" time="0.007" errors="0" timestamp="2021-04-10T14:32:19 IST">
  <testcase classname="testCases.TestFailuar" name="doLogin" time="0.002">
    <failure type="junit.framework.AssertionFailedError" message="Execution of login test">
      <![CDATA[junit.framework.AssertionFailedError: Execution of login test
at junit.framework.Assert.fail(Assert.java:47)
at testCases.TestFailuar.doLogin(TestFailuar.java:12)
at java.base/java.util.ArrayList.forEach(ArrayList.java:1511)
... Removed 28 stack frames]]>
    </failure>
  </testcase> <!-- doLogin -->
</testsuite> <!-- Faliuar Test -->
