<?xml version="1.0" encoding="UTF-8"?>
<!-- Generated by org.testng.reporters.JUnitXMLReporter -->
<testsuite ignored="0" hostname="GK-PC" failures="1" tests="4" name="Regresion dependancy Test" time="0.031" errors="0" timestamp="2021-04-10T14:32:20 IST">
  <testcase classname="regresion.TestCase3_TestDependance" name="doReg" time="0.002">
    <failure type="junit.framework.AssertionFailedError" message="User Registeration not Successful">
      <![CDATA[junit.framework.AssertionFailedError: User Registeration not Successful
at junit.framework.Assert.fail(Assert.java:47)
at regresion.TestCase3_TestDependance.doReg(TestCase3_TestDependance.java:20)
at java.base/java.util.ArrayList.forEach(ArrayList.java:1511)
... Removed 28 stack frames]]>
    </failure>
  </testcase> <!-- doReg -->
  <testcase classname="regresion.TestCase3_TestDependance" name="doLogin" time="0.0">
    <skipped/>
  </testcase> <!-- doLogin -->
  <testcase classname="regresion.TestCase3_TestDependance" name="thirdTest" time="0.002"/>
  <testcase classname="regresion.TestCase3_TestDependance" name="fourthTest" time="0.0">
    <skipped/>
  </testcase> <!-- fourthTest -->
</testsuite> <!-- Regresion dependancy Test -->
