<?xml version="1.0" encoding="UTF-8"?>
<testng-results ignored="0" total="2" passed="2" failed="0" skipped="0">
  <reporter-output>
  </reporter-output>
  <suite started-at="2021-05-10T17:17:21 IST" name="Default suite" finished-at="2021-05-10T17:17:21 IST" duration-ms="86">
    <groups>
    </groups>
    <test started-at="2021-05-10T17:17:21 IST" name="Default test" finished-at="2021-05-10T17:17:21 IST" duration-ms="86">
      <class name="com.defaultprogram.ProirtyTestNG">
        <test-method signature="CloseBrowser()[pri:-26, instance:com.defaultprogram.ProirtyTestNG@1184ab05]" started-at="2021-05-10T17:17:21 IST" name="CloseBrowser" finished-at="2021-05-10T17:17:21 IST" duration-ms="16" status="PASS">
          <reporter-output>
          </reporter-output>
        </test-method> <!-- CloseBrowser -->
        <test-method signature="OpenBrowser()[pri:-25, instance:com.defaultprogram.ProirtyTestNG@1184ab05]" started-at="2021-05-10T17:17:21 IST" name="OpenBrowser" finished-at="2021-05-10T17:17:21 IST" duration-ms="4" status="PASS">
          <reporter-output>
          </reporter-output>
        </test-method> <!-- OpenBrowser -->
      </class> <!-- com.defaultprogram.ProirtyTestNG -->
    </test> <!-- Default test -->
  </suite> <!-- Default suite -->
</testng-results>
